<?xml version="1.0" encoding="UTF-8"?>
<!-- Generated by org.testng.reporters.JUnitReportReporter -->
<testsuite skipped="0" hostname="Admin-PC" name="com.tamplo.qa.test.LoginTest" tests="3" failures="0" timestamp="14 Jan 2019 10:44:46 GMT" time="24.663" errors="0">
  <testcase name="loginTestCases" time="8.862" classname="com.tamplo.qa.test.LoginTest"/>
  <testcase name="loginTestCases" time="7.979" classname="com.tamplo.qa.test.LoginTest"/>
  <testcase name="loginTestCases" time="7.822" classname="com.tamplo.qa.test.LoginTest"/>
</testsuite> <!-- com.tamplo.qa.test.LoginTest -->
