<?xml version="1.0" encoding="UTF-8"?>
<!-- Generated by org.testng.reporters.JUnitReportReporter -->
<testsuite skipped="0" hostname="Admin-PC" name="com.tamplo.qa.patterntest.FirstClassForPatternTest" tests="1" failures="0" timestamp="22 Apr 2019 12:42:41 GMT" time="0.010" errors="0">
  <testcase name="patternOne" time="0.010" classname="com.tamplo.qa.patterntest.FirstClassForPatternTest"/>
</testsuite> <!-- com.tamplo.qa.patterntest.FirstClassForPatternTest -->
