<?xml version="1.0" encoding="UTF-8"?>
<!-- Generated by org.testng.reporters.JUnitReportReporter -->
<testsuite skipped="1" hostname="Admin-PC" name="com.tamplo.qa.test.SekuliAutomationTest" tests="2" failures="0" timestamp="11 Apr 2019 11:27:13 GMT" time="3.686" errors="0">
  <testcase name="checkCharacter" time="3.686" classname="com.tamplo.qa.test.SekuliAutomationTest"/>
  <testcase name="name" classname="com.tamplo.qa.test.SekuliAutomationTest">
    <skipped/>
  </testcase> <!-- name -->
</testsuite> <!-- com.tamplo.qa.test.SekuliAutomationTest -->
