<?xml version="1.0" encoding="UTF-8"?>
<!-- Generated by org.testng.reporters.JUnitReportReporter -->
<testsuite skipped="0" hostname="Admin-PC" name="com.tamplo.qa.test.HomePageTest" tests="1" failures="0" timestamp="16 Dec 2018 06:55:05 GMT" time="36.150" errors="0">
  <testcase name="verifyDpartmentPage" time="36.150" classname="com.tamplo.qa.test.HomePageTest"/>
</testsuite> <!-- com.tamplo.qa.test.HomePageTest -->
