<?xml version="1.0" encoding="UTF-8"?>
<!-- Generated by org.testng.reporters.JUnitReportReporter -->
<testsuite skipped="0" hostname="Admin-PC" name="com.tamplo.qa.stringprogram.StringTestPro" tests="1" failures="0" timestamp="23 Apr 2019 14:21:16 GMT" time="0.012" errors="0">
  <testcase name="testSample" time="0.012" classname="com.tamplo.qa.stringprogram.StringTestPro"/>
</testsuite> <!-- com.tamplo.qa.stringprogram.StringTestPro -->
