<?xml version="1.0" encoding="UTF-8"?>
<!-- Generated by org.testng.reporters.JUnitReportReporter -->
<testsuite skipped="0" hostname="Admin-PC" name="com.tamplo.qa.test.LoginTest" tests="3" failures="0" timestamp="16 Dec 2018 06:55:05 GMT" time="55.332" errors="0">
  <testcase name="loginTestCases" time="13.014" classname="com.tamplo.qa.test.LoginTest"/>
  <testcase name="loginTestCases" time="16.939" classname="com.tamplo.qa.test.LoginTest"/>
  <testcase name="loginTestCases" time="25.379" classname="com.tamplo.qa.test.LoginTest"/>
</testsuite> <!-- com.tamplo.qa.test.LoginTest -->
