<?xml version="1.0" encoding="UTF-8"?>
<!-- Generated by org.testng.reporters.JUnitReportReporter -->
<testsuite skipped="0" hostname="Admin-PC" name="com.tamplo.qa.test.HomePageTest" tests="1" failures="0" timestamp="27 Mar 2019 11:17:36 GMT" time="13.445" errors="0">
  <testcase name="verifyDpartmentPage" time="13.445" classname="com.tamplo.qa.test.HomePageTest"/>
</testsuite> <!-- com.tamplo.qa.test.HomePageTest -->
